<?xml version="1.0" encoding="UTF-8"?>
<!-- Generated by org.testng.reporters.JUnitReportReporter -->
<testsuite skipped="0" hostname="LAPTOP-2CUQSPR5" name="Resurrection_TestNGCommandLine.Resurrection_TestNGCommandLine.Test2" tests="1" failures="0" timestamp="2021-12-07T08:53:15 IST" time="0.021" errors="0">
  <testcase name="MEthod2" time="0.021" classname="Resurrection_TestNGCommandLine.Resurrection_TestNGCommandLine.Test2"/>
  <system-out/>
</testsuite> <!-- Resurrection_TestNGCommandLine.Resurrection_TestNGCommandLine.Test2 -->
