<?xml version="1.0" encoding="UTF-8"?>
<!-- Generated by org.testng.reporters.JUnitReportReporter -->
<testsuite skipped="0" hostname="LAPTOP-2CUQSPR5" name="Resurrection_TestNGCommandLine.Resurrection_TestNGCommandLine.Test1" tests="1" failures="0" timestamp="2021-12-07T08:56:13 IST" time="0.020" errors="0">
  <testcase name="Method1" time="0.020" classname="Resurrection_TestNGCommandLine.Resurrection_TestNGCommandLine.Test1"/>
  <system-out/>
</testsuite> <!-- Resurrection_TestNGCommandLine.Resurrection_TestNGCommandLine.Test1 -->
